SF:lib\domain\gateway\breeds_gateway.dart
DA:5,1
LF:1
LH:1
end_of_record
SF:lib\domain\model\breed_model.dart
DA:38,4
DA:73,1
DA:106,1
DA:107,1
DA:108,0
DA:109,1
DA:110,0
DA:111,1
DA:112,0
DA:113,1
DA:114,1
DA:115,1
DA:116,1
DA:117,1
DA:118,1
DA:119,1
DA:120,1
DA:121,1
DA:122,1
DA:123,1
DA:124,1
DA:125,1
DA:126,1
DA:127,1
DA:128,1
DA:129,1
DA:130,1
DA:131,1
DA:132,1
DA:133,1
DA:134,1
DA:135,1
DA:136,1
DA:137,1
DA:138,1
LF:35
LH:32
end_of_record
SF:lib\domain\model\error_model.dart
DA:6,2
LF:1
LH:1
end_of_record
SF:lib\domain\use_case\breeds_use_case.dart
DA:8,1
DA:12,1
DA:13,2
DA:15,1
DA:16,2
LF:5
LH:5
end_of_record
SF:lib\infraestructure\driven_adapters\breeds_the_cap_api.dart
DA:17,1
DA:19,2
DA:25,1
DA:28,2
DA:29,1
DA:30,2
DA:33,2
DA:34,2
DA:37,2
DA:38,1
DA:39,3
DA:42,1
DA:43,3
DA:48,1
DA:49,3
DA:53,1
DA:56,2
DA:57,2
DA:58,2
DA:61,2
DA:62,2
DA:65,2
DA:66,1
DA:67,4
DA:70,1
DA:71,3
DA:76,1
DA:77,3
LF:28
LH:28
end_of_record
SF:lib\infraestructure\mappers\breed_image_response_mapper.dart
DA:6,1
DA:7,1
DA:8,1
DA:9,1
DA:10,1
DA:11,1
DA:14,0
DA:15,0
DA:16,0
DA:17,0
DA:18,0
DA:19,0
LF:12
LH:6
end_of_record
SF:lib\infraestructure\mappers\the_cap_api_to_breeds_model_mapper.dart
DA:7,1
DA:9,1
DA:10,1
DA:11,1
DA:12,2
DA:13,1
DA:14,1
DA:16,1
DA:17,1
DA:18,1
DA:19,1
DA:20,1
DA:21,1
DA:22,1
DA:23,1
DA:24,1
DA:25,1
DA:26,1
DA:27,1
DA:28,1
DA:29,1
DA:30,1
DA:31,1
DA:32,1
DA:33,1
DA:34,1
DA:35,1
DA:36,1
DA:37,1
DA:38,1
DA:39,1
DA:40,1
DA:43,1
DA:45,1
LF:34
LH:34
end_of_record
SF:lib\infraestructure\model\breed_image_response.dart
DA:8,1
LF:1
LH:1
end_of_record
SF:lib\infraestructure\model\breeds_response.dart
DA:43,1
DA:86,2
DA:87,2
DA:88,1
DA:89,1
DA:90,1
DA:91,1
DA:92,1
DA:93,1
DA:94,1
DA:95,1
DA:96,1
DA:97,1
DA:98,1
DA:99,1
DA:100,1
DA:101,1
DA:102,1
DA:103,1
DA:104,1
DA:105,1
DA:106,1
DA:107,1
DA:108,1
DA:109,1
DA:110,1
DA:111,1
DA:112,1
DA:113,1
DA:114,1
DA:115,1
DA:116,1
DA:117,1
DA:118,1
DA:119,1
DA:120,1
DA:121,1
DA:122,1
DA:123,1
DA:124,1
DA:125,1
DA:128,0
DA:129,0
DA:130,0
DA:131,0
DA:132,0
DA:133,0
DA:134,0
DA:135,0
DA:136,0
DA:137,0
DA:138,0
DA:139,0
DA:140,0
DA:141,0
DA:142,0
DA:143,0
DA:144,0
DA:145,0
DA:146,0
DA:147,0
DA:148,0
DA:149,0
DA:150,0
DA:151,0
DA:152,0
DA:153,0
DA:154,0
DA:155,0
DA:156,0
DA:157,0
DA:158,0
DA:159,0
DA:160,0
DA:161,0
DA:162,0
DA:163,0
DA:164,0
DA:165,0
DA:166,0
DA:167,0
DA:175,1
DA:180,2
DA:181,1
DA:182,1
DA:185,0
DA:186,0
DA:187,0
LF:88
LH:45
end_of_record
SF:lib\ui\common\presenter\breeds_presenter.dart
DA:13,1
DA:20,1
DA:21,1
DA:24,1
DA:25,1
DA:26,1
DA:28,2
DA:31,1
DA:32,1
DA:36,1
DA:37,1
DA:38,1
DA:39,1
DA:42,1
DA:43,3
DA:46,0
DA:48,0
LF:17
LH:15
end_of_record
SF:lib\ui\pages\breeds\breeds_page.dart
DA:16,1
DA:18,1
DA:19,1
DA:27,1
DA:29,3
DA:30,3
DA:31,1
DA:33,1
DA:36,1
DA:38,3
DA:41,2
DA:42,2
DA:48,2
DA:50,1
DA:51,2
DA:55,2
DA:56,2
DA:58,0
DA:59,0
DA:60,0
DA:62,0
DA:65,1
DA:66,1
DA:67,0
DA:68,1
DA:69,1
DA:70,1
DA:71,1
DA:72,1
DA:73,2
DA:79,1
DA:80,1
DA:81,1
DA:82,0
DA:83,0
DA:84,0
DA:94,1
DA:95,2
DA:96,1
DA:97,2
DA:100,1
DA:101,3
DA:102,2
DA:104,1
DA:106,1
LF:45
LH:37
end_of_record
SF:lib\ui\pages\breeds\widgets\breed_card.dart
DA:15,1
DA:20,1
DA:22,2
DA:24,2
DA:25,2
DA:26,1
DA:28,1
DA:30,1
DA:31,2
DA:32,1
DA:33,1
DA:34,0
DA:37,1
DA:39,1
DA:40,2
DA:41,1
DA:42,1
DA:44,1
DA:45,1
DA:46,1
DA:48,1
DA:49,1
DA:51,1
DA:52,1
DA:53,1
DA:56,1
DA:58,1
DA:59,1
DA:60,1
DA:62,0
DA:67,1
DA:69,4
DA:70,1
DA:71,1
DA:75,1
DA:77,1
DA:78,2
DA:84,1
DA:86,1
DA:88,1
DA:89,1
DA:90,1
DA:91,1
DA:93,1
DA:95,1
DA:96,1
DA:97,1
DA:102,1
DA:103,1
DA:104,1
DA:107,1
DA:108,1
DA:109,2
DA:110,1
DA:112,1
DA:116,1
DA:118,2
LF:57
LH:55
end_of_record
SF:lib\ui\pages\breeds\widgets\no_results_message.dart
DA:7,1
DA:9,1
DA:12,2
DA:13,1
DA:15,3
DA:17,1
DA:18,2
DA:19,1
DA:21,1
DA:28,1
DA:29,1
DA:30,1
LF:12
LH:12
end_of_record
SF:lib\config\app_environment.dart
DA:5,0
LF:1
LH:0
end_of_record
SF:lib\config\router\app_router.dart
DA:7,0
DA:9,0
DA:10,0
DA:12,0
DA:14,0
DA:16,0
DA:17,0
DA:19,0
DA:25,0
LF:9
LH:0
end_of_record
SF:lib\config\locale\app_localizations.dart
DA:65,6
DA:69,2
DA:70,2
DA:334,2
DA:336,2
DA:338,4
DA:341,2
DA:342,6
DA:344,0
DA:348,2
DA:352,2
DA:353,4
DA:354,4
DA:357,0
LF:14
LH:12
end_of_record
SF:lib\config\provider\providers.dart
DA:11,6
DA:12,0
DA:13,0
DA:14,0
DA:15,0
LF:5
LH:1
end_of_record
SF:lib\config\theme\app_theme.dart
DA:34,2
DA:36,2
DA:40,2
DA:46,2
DA:49,2
DA:73,2
DA:74,2
DA:79,2
DA:80,2
DA:82,2
DA:83,2
DA:88,2
DA:89,2
DA:90,2
DA:92,2
DA:93,2
DA:94,2
DA:99,2
DA:100,2
DA:101,2
DA:102,2
DA:109,0
DA:111,0
LF:23
LH:21
end_of_record
SF:lib\config\locale\app_localizations_en.dart
DA:9,4
DA:11,0
DA:14,0
DA:17,0
DA:20,1
DA:23,1
DA:26,1
DA:29,1
DA:32,2
DA:35,1
DA:38,1
DA:41,1
DA:44,1
DA:47,0
DA:50,1
DA:53,1
DA:56,1
DA:59,1
DA:62,0
DA:65,1
DA:68,1
DA:71,1
DA:74,1
DA:77,1
DA:80,1
DA:83,1
DA:86,1
DA:89,1
DA:92,1
DA:95,1
DA:98,1
DA:101,1
DA:104,1
DA:107,1
DA:110,1
DA:113,1
DA:116,1
DA:119,1
DA:122,1
DA:125,1
LF:40
LH:35
end_of_record
SF:lib\config\locale\app_localizations_es.dart
DA:9,4
DA:11,0
DA:14,0
DA:17,0
DA:20,1
DA:23,1
DA:26,0
DA:29,0
DA:32,1
DA:35,1
DA:38,0
DA:41,1
DA:44,0
DA:47,0
DA:50,1
DA:53,1
DA:56,1
DA:59,1
DA:62,0
DA:65,1
DA:68,1
DA:71,1
DA:74,1
DA:77,1
DA:80,1
DA:83,1
DA:86,1
DA:89,1
DA:92,1
DA:95,1
DA:98,1
DA:101,1
DA:104,1
DA:107,1
DA:110,1
DA:113,1
DA:116,1
DA:119,1
DA:122,1
DA:125,1
LF:40
LH:31
end_of_record
SF:lib\ui\pages\detail\detail_page.dart
DA:17,1
DA:22,1
DA:25,1
DA:26,2
DA:28,4
DA:29,4
DA:30,4
DA:34,1
DA:35,1
DA:37,1
DA:38,1
DA:40,2
DA:42,0
DA:45,1
DA:46,2
DA:47,1
DA:50,1
DA:51,1
DA:52,1
DA:53,1
DA:54,4
DA:55,2
DA:56,2
DA:62,1
DA:63,1
DA:64,1
DA:65,1
DA:66,1
DA:67,2
DA:69,4
DA:70,6
DA:71,5
DA:73,2
DA:75,2
LF:34
LH:33
end_of_record
SF:lib\ui\common\widgets\breeds_images_carousel.dart
DA:14,2
DA:23,2
DA:24,2
DA:31,2
DA:33,4
DA:36,6
DA:39,0
DA:42,6
DA:44,0
DA:45,0
DA:49,2
DA:50,4
DA:51,4
DA:52,2
DA:54,2
DA:56,2
DA:57,2
DA:58,2
DA:59,2
DA:60,2
DA:61,6
DA:62,0
DA:63,0
DA:64,0
DA:67,1
DA:68,1
DA:70,1
DA:71,1
DA:72,1
DA:73,3
DA:74,2
DA:75,1
DA:76,3
DA:80,0
DA:81,0
DA:82,0
DA:93,2
DA:95,2
DA:97,9
DA:98,2
DA:100,1
DA:101,1
DA:104,1
DA:106,3
DA:124,0
DA:130,0
DA:133,0
DA:134,0
DA:135,0
DA:136,0
DA:137,0
DA:139,0
DA:140,0
DA:141,0
DA:142,0
LF:55
LH:35
end_of_record
SF:lib\ui\common\widgets\loading_message.dart
DA:8,2
DA:10,1
DA:13,2
DA:14,1
DA:16,1
DA:17,1
DA:19,1
DA:20,1
DA:22,1
DA:24,1
DA:25,1
DA:26,1
LF:12
LH:12
end_of_record
SF:lib\ui\common\widgets\network_error_message.dart
DA:9,1
DA:14,1
DA:17,2
DA:18,1
DA:20,1
DA:21,1
DA:23,1
DA:24,1
DA:26,1
DA:29,1
DA:31,1
DA:32,1
DA:33,1
DA:36,1
DA:37,1
DA:38,1
DA:40,1
DA:41,1
DA:42,1
DA:43,1
LF:20
LH:20
end_of_record
SF:lib\ui\common\utils\browser_intent_util.dart
DA:8,0
DA:9,0
DA:12,0
DA:16,0
DA:17,0
DA:18,0
LF:6
LH:0
end_of_record
SF:lib\ui\common\utils\locale_utils.dart
DA:3,2
DA:8,4
DA:9,2
LF:3
LH:3
end_of_record
SF:lib\ui\pages\breeds\widgets\breeds_app_bar.dart
DA:10,1
DA:16,1
DA:19,1
DA:20,3
DA:22,1
DA:23,1
DA:26,1
DA:27,2
DA:34,1
DA:36,1
DA:37,1
DA:39,1
DA:40,1
DA:42,1
DA:43,1
DA:48,1
DA:49,1
DA:50,3
DA:55,1
DA:56,1
DA:57,1
DA:72,1
DA:77,1
DA:80,1
DA:81,3
DA:83,1
DA:85,1
DA:87,1
DA:89,1
DA:90,1
DA:91,1
DA:93,1
DA:94,1
DA:95,3
DA:96,1
DA:97,1
DA:100,1
LF:37
LH:37
end_of_record
SF:lib\ui\pages\detail\widgets\characteristics_card.dart
DA:10,1
DA:17,1
DA:20,1
DA:21,2
DA:23,1
DA:24,1
DA:27,1
DA:29,1
DA:30,1
DA:31,1
DA:32,2
DA:33,2
DA:37,4
DA:38,4
DA:39,4
DA:40,4
DA:41,4
DA:42,4
DA:43,4
DA:44,4
DA:45,4
DA:46,4
DA:47,4
DA:48,4
DA:49,4
DA:50,4
DA:51,4
DA:52,4
DA:53,4
DA:54,4
DA:55,4
DA:56,4
LF:32
LH:32
end_of_record
SF:lib\ui\pages\detail\widgets\description_card.dart
DA:7,1
DA:14,1
DA:17,2
DA:19,1
DA:25,1
DA:26,2
DA:32,1
DA:33,2
DA:34,2
DA:35,2
LF:10
LH:10
end_of_record
SF:lib\ui\pages\detail\widgets\simple_info_card.dart
DA:10,1
DA:17,1
DA:20,2
DA:22,1
DA:23,1
DA:25,1
DA:27,1
DA:28,1
DA:29,1
DA:30,2
DA:31,2
DA:35,1
DA:36,1
DA:37,1
LF:14
LH:14
end_of_record
SF:lib\ui\pages\detail\widgets\urls_cards.dart
DA:8,1
DA:15,1
DA:17,1
DA:20,1
DA:27,1
DA:28,1
DA:29,1
DA:31,2
DA:33,1
DA:35,2
DA:37,1
DA:39,2
DA:41,1
DA:43,2
DA:54,1
DA:62,1
DA:65,2
DA:67,1
DA:69,1
DA:71,1
DA:72,1
DA:73,1
DA:75,0
DA:76,0
DA:79,0
DA:80,0
DA:82,1
DA:84,1
DA:85,1
DA:86,1
DA:87,1
LF:31
LH:27
end_of_record
SF:lib\ui\pages\detail\widgets\progresive_info_card.dart
DA:10,1
DA:20,1
DA:23,4
DA:24,2
DA:25,1
DA:27,2
DA:28,1
DA:31,1
DA:32,2
DA:34,1
DA:36,1
DA:37,1
DA:38,1
DA:39,1
DA:40,1
DA:41,2
DA:46,1
DA:47,1
DA:48,1
DA:49,1
DA:51,1
DA:53,1
DA:54,1
DA:55,1
DA:56,1
DA:57,3
DA:58,2
LF:27
LH:27
end_of_record
